2025-10-27 11:13:34,882 - Logging to: /hpc/group/csdept/aho13/labIR/logs/MSCOCO_t2i.log
2025-10-27 11:13:48,674 - ============================================================
2025-10-27 11:13:48,675 - NDCG@10 MSCOCO_t2i compress Results:
2025-10-27 11:13:48,675 -   Mean NDCG: 0.6755
2025-10-27 11:13:48,675 -   Median NDCG: 0.6309
2025-10-27 11:13:48,675 -   Std Dev: 0.3601
2025-10-27 11:13:48,675 -   Perfect retrievals (rank 1): 490/1000 (49.0%)
2025-10-27 11:13:48,675 -   Relevant in top-10: 870/1000 (87.0%)
2025-10-27 11:13:48,675 - ============================================================
2025-10-27 11:14:02,871 - ============================================================
2025-10-27 11:14:02,871 - NDCG@10 MSCOCO_t2i flip Results:
2025-10-27 11:14:02,871 -   Mean NDCG: 0.6916
2025-10-27 11:14:02,871 -   Median NDCG: 1.0000
2025-10-27 11:14:02,871 -   Std Dev: 0.3588
2025-10-27 11:14:02,871 -   Perfect retrievals (rank 1): 517/1000 (51.7%)
2025-10-27 11:14:02,871 -   Relevant in top-10: 879/1000 (87.9%)
2025-10-27 11:14:02,871 - ============================================================
2025-10-27 11:14:17,821 - ============================================================
2025-10-27 11:14:17,821 - NDCG@10 MSCOCO_t2i gauss1 Results:
2025-10-27 11:14:17,821 -   Mean NDCG: 0.6768
2025-10-27 11:14:17,821 -   Median NDCG: 0.6309
2025-10-27 11:14:17,821 -   Std Dev: 0.3613
2025-10-27 11:14:17,821 -   Perfect retrievals (rank 1): 492/1000 (49.2%)
2025-10-27 11:14:17,821 -   Relevant in top-10: 869/1000 (86.9%)
2025-10-27 11:14:17,821 - ============================================================
2025-10-27 11:14:34,292 - ============================================================
2025-10-27 11:14:34,292 - NDCG@10 MSCOCO_t2i bright Results:
2025-10-27 11:14:34,292 -   Mean NDCG: 0.6971
2025-10-27 11:14:34,292 -   Median NDCG: 1.0000
2025-10-27 11:14:34,292 -   Std Dev: 0.3478
2025-10-27 11:14:34,292 -   Perfect retrievals (rank 1): 509/1000 (50.9%)
2025-10-27 11:14:34,292 -   Relevant in top-10: 896/1000 (89.6%)
2025-10-27 11:14:34,292 - ============================================================
2025-10-27 11:14:46,940 - ============================================================
2025-10-27 11:14:46,940 - NDCG@10 MSCOCO_t2i grayscale Results:
2025-10-27 11:14:46,941 -   Mean NDCG: 0.6359
2025-10-27 11:14:46,941 -   Median NDCG: 0.6309
2025-10-27 11:14:46,941 -   Std Dev: 0.3720
2025-10-27 11:14:46,941 -   Perfect retrievals (rank 1): 445/1000 (44.5%)
2025-10-27 11:14:46,941 -   Relevant in top-10: 842/1000 (84.2%)
2025-10-27 11:14:46,941 - ============================================================
