2025-10-26 15:33:55,034 - Logging to: /hpc/group/csdept/aho13/labIR/logs/MSCOCO_i2t.log
2025-10-26 15:37:12,017 - ============================================================
2025-10-26 15:37:12,017 - NDCG@10 MSCOCO_i2t none Results:
2025-10-26 15:37:12,017 -   Mean NDCG: 0.7172
2025-10-26 15:37:12,017 -   Median NDCG: 1.0000
2025-10-26 15:37:12,017 -   Std Dev: 0.3481
2025-10-26 15:37:12,017 -   Perfect retrievals (rank 1): 547/1000 (54.7%)
2025-10-26 15:37:12,017 -   Relevant in top-10: 897/1000 (89.7%)
2025-10-26 15:37:12,017 - ============================================================
2025-10-26 15:40:19,755 - ============================================================
2025-10-26 15:40:19,755 - NDCG@10 MSCOCO_i2t compress Results:
2025-10-26 15:40:19,755 -   Mean NDCG: 0.7144
2025-10-26 15:40:19,756 -   Median NDCG: 1.0000
2025-10-26 15:40:19,757 -   Std Dev: 0.3484
2025-10-26 15:40:19,757 -   Perfect retrievals (rank 1): 542/1000 (54.2%)
2025-10-26 15:40:19,758 -   Relevant in top-10: 898/1000 (89.8%)
2025-10-26 15:40:19,758 - ============================================================
2025-10-26 15:43:28,700 - ============================================================
2025-10-26 15:43:28,701 - NDCG@10 MSCOCO_i2t flip Results:
2025-10-26 15:43:28,701 -   Mean NDCG: 0.7188
2025-10-26 15:43:28,701 -   Median NDCG: 1.0000
2025-10-26 15:43:28,701 -   Std Dev: 0.3467
2025-10-26 15:43:28,701 -   Perfect retrievals (rank 1): 548/1000 (54.8%)
2025-10-26 15:43:28,701 -   Relevant in top-10: 900/1000 (90.0%)
2025-10-26 15:43:28,702 - ============================================================
2025-10-26 15:46:30,006 - ============================================================
2025-10-26 15:46:30,006 - NDCG@10 MSCOCO_i2t gauss1 Results:
2025-10-26 15:46:30,007 -   Mean NDCG: 0.7035
2025-10-26 15:46:30,007 -   Median NDCG: 1.0000
2025-10-26 15:46:30,008 -   Std Dev: 0.3574
2025-10-26 15:46:30,008 -   Perfect retrievals (rank 1): 538/1000 (53.8%)
2025-10-26 15:46:30,008 -   Relevant in top-10: 886/1000 (88.6%)
2025-10-26 15:46:30,009 - ============================================================
