2025-10-28 10:15:33,581 - Logging to: /hpc/group/csdept/aho13/labIR/logs/VisDial.log
2025-10-28 10:16:12,166 - ============================================================
2025-10-28 10:16:12,166 - NDCG@10 VisDial ctrl Results:
2025-10-28 10:16:12,166 -   Mean NDCG: 0.2234
2025-10-28 10:16:12,166 -   Median NDCG: 0.0000
2025-10-28 10:16:12,166 -   Std Dev: 0.3245
2025-10-28 10:16:12,166 -   Perfect retrievals (rank 1): 100/1000 (10.0%)
2025-10-28 10:16:12,166 -   Relevant in top-10: 395/1000 (39.5%)
2025-10-28 10:16:12,166 - ============================================================
2025-10-28 10:17:05,749 - ============================================================
2025-10-28 10:17:05,749 - NDCG@10 VisDial gauss2 Results:
2025-10-28 10:17:05,750 -   Mean NDCG: 0.2908
2025-10-28 10:17:05,750 -   Median NDCG: 0.0000
2025-10-28 10:17:05,751 -   Std Dev: 0.3570
2025-10-28 10:17:05,751 -   Perfect retrievals (rank 1): 145/1000 (14.5%)
2025-10-28 10:17:05,751 -   Relevant in top-10: 486/1000 (48.6%)
2025-10-28 10:17:05,752 - ============================================================
2025-10-28 10:17:45,488 - ============================================================
2025-10-28 10:17:45,488 - NDCG@10 VisDial compress Results:
2025-10-28 10:17:45,489 -   Mean NDCG: 0.2413
2025-10-28 10:17:45,489 -   Median NDCG: 0.0000
2025-10-28 10:17:45,489 -   Std Dev: 0.3334
2025-10-28 10:17:45,489 -   Perfect retrievals (rank 1): 109/1000 (10.9%)
2025-10-28 10:17:45,489 -   Relevant in top-10: 419/1000 (41.9%)
2025-10-28 10:17:45,489 - ============================================================
2025-10-28 10:18:19,195 - ============================================================
2025-10-28 10:18:19,195 - NDCG@10 VisDial flip Results:
2025-10-28 10:18:19,195 -   Mean NDCG: 0.2242
2025-10-28 10:18:19,195 -   Median NDCG: 0.0000
2025-10-28 10:18:19,196 -   Std Dev: 0.3230
2025-10-28 10:18:19,196 -   Perfect retrievals (rank 1): 95/1000 (9.5%)
2025-10-28 10:18:19,196 -   Relevant in top-10: 396/1000 (39.6%)
2025-10-28 10:18:19,196 - ============================================================
2025-10-28 10:19:11,757 - ============================================================
2025-10-28 10:19:11,758 - NDCG@10 VisDial gauss1 Results:
2025-10-28 10:19:11,758 -   Mean NDCG: 0.2721
2025-10-28 10:19:11,758 -   Median NDCG: 0.0000
2025-10-28 10:19:11,758 -   Std Dev: 0.3414
2025-10-28 10:19:11,758 -   Perfect retrievals (rank 1): 120/1000 (12.0%)
2025-10-28 10:19:11,758 -   Relevant in top-10: 472/1000 (47.2%)
2025-10-28 10:19:11,758 - ============================================================
2025-10-28 10:19:50,366 - ============================================================
2025-10-28 10:19:50,366 - NDCG@10 VisDial bright Results:
2025-10-28 10:19:50,367 -   Mean NDCG: 0.2135
2025-10-28 10:19:50,367 -   Median NDCG: 0.0000
2025-10-28 10:19:50,367 -   Std Dev: 0.3224
2025-10-28 10:19:50,367 -   Perfect retrievals (rank 1): 95/1000 (9.5%)
2025-10-28 10:19:50,367 -   Relevant in top-10: 372/1000 (37.2%)
2025-10-28 10:19:50,367 - ============================================================
2025-10-28 10:20:24,595 - ============================================================
2025-10-28 10:20:24,595 - NDCG@10 VisDial grayscale Results:
2025-10-28 10:20:24,595 -   Mean NDCG: 0.2404
2025-10-28 10:20:24,595 -   Median NDCG: 0.0000
2025-10-28 10:20:24,595 -   Std Dev: 0.3358
2025-10-28 10:20:24,595 -   Perfect retrievals (rank 1): 108/1000 (10.8%)
2025-10-28 10:20:24,595 -   Relevant in top-10: 411/1000 (41.1%)
2025-10-28 10:20:24,595 - ============================================================
