2025-10-27 11:09:50,102 - Logging to: /hpc/group/csdept/aho13/labIR/logs/VisualNews_t2i.log
2025-10-27 11:10:31,603 - ============================================================
2025-10-27 11:10:31,603 - NDCG@10 VisualNews_t2i compress Results:
2025-10-27 11:10:31,604 -   Mean NDCG: 0.7671
2025-10-27 11:10:31,604 -   Median NDCG: 1.0000
2025-10-27 11:10:31,604 -   Std Dev: 0.3612
2025-10-27 11:10:31,604 -   Perfect retrievals (rank 1): 661/1000 (66.1%)
2025-10-27 11:10:31,604 -   Relevant in top-10: 866/1000 (86.6%)
2025-10-27 11:10:31,604 - ============================================================
2025-10-27 11:11:09,237 - ============================================================
2025-10-27 11:11:09,237 - NDCG@10 VisualNews_t2i flip Results:
2025-10-27 11:11:09,237 -   Mean NDCG: 0.7424
2025-10-27 11:11:09,237 -   Median NDCG: 1.0000
2025-10-27 11:11:09,237 -   Std Dev: 0.3734
2025-10-27 11:11:09,237 -   Perfect retrievals (rank 1): 629/1000 (62.9%)
2025-10-27 11:11:09,237 -   Relevant in top-10: 849/1000 (84.9%)
2025-10-27 11:11:09,237 - ============================================================
2025-10-27 11:12:02,577 - ============================================================
2025-10-27 11:12:02,578 - NDCG@10 VisualNews_t2i gauss1 Results:
2025-10-27 11:12:02,578 -   Mean NDCG: 0.7632
2025-10-27 11:12:02,578 -   Median NDCG: 1.0000
2025-10-27 11:12:02,578 -   Std Dev: 0.3628
2025-10-27 11:12:02,578 -   Perfect retrievals (rank 1): 658/1000 (65.8%)
2025-10-27 11:12:02,578 -   Relevant in top-10: 867/1000 (86.7%)
2025-10-27 11:12:02,578 - ============================================================
2025-10-27 11:12:48,240 - ============================================================
2025-10-27 11:12:48,241 - NDCG@10 VisualNews_t2i bright Results:
2025-10-27 11:12:48,241 -   Mean NDCG: 0.7333
2025-10-27 11:12:48,241 -   Median NDCG: 1.0000
2025-10-27 11:12:48,241 -   Std Dev: 0.3742
2025-10-27 11:12:48,241 -   Perfect retrievals (rank 1): 613/1000 (61.3%)
2025-10-27 11:12:48,241 -   Relevant in top-10: 850/1000 (85.0%)
2025-10-27 11:12:48,241 - ============================================================
2025-10-27 11:13:34,337 - ============================================================
2025-10-27 11:13:34,338 - NDCG@10 VisualNews_t2i grayscale Results:
2025-10-27 11:13:34,338 -   Mean NDCG: 0.7075
2025-10-27 11:13:34,338 -   Median NDCG: 1.0000
2025-10-27 11:13:34,338 -   Std Dev: 0.3839
2025-10-27 11:13:34,338 -   Perfect retrievals (rank 1): 582/1000 (58.2%)
2025-10-27 11:13:34,338 -   Relevant in top-10: 837/1000 (83.7%)
2025-10-27 11:13:34,338 - ============================================================
