2025-10-26 14:50:27,565 - Logging to: /hpc/group/csdept/aho13/labIR/logs/VisualNews_i2t.log
2025-10-26 14:54:51,527 - ============================================================
2025-10-26 14:54:51,528 - NDCG@10 VisualNews_i2t none Results:
2025-10-26 14:54:51,528 -   Mean NDCG: 0.7558
2025-10-26 14:54:51,529 -   Median NDCG: 1.0000
2025-10-26 14:54:51,529 -   Std Dev: 0.3641
2025-10-26 14:54:51,530 -   Perfect retrievals (rank 1): 644/1000 (64.4%)
2025-10-26 14:54:51,530 -   Relevant in top-10: 866/1000 (86.6%)
2025-10-26 14:54:51,530 - ============================================================
2025-10-26 14:59:12,066 - ============================================================
2025-10-26 14:59:12,067 - NDCG@10 VisualNews_i2t compress Results:
2025-10-26 14:59:12,067 -   Mean NDCG: 0.7452
2025-10-26 14:59:12,068 -   Median NDCG: 1.0000
2025-10-26 14:59:12,068 -   Std Dev: 0.3678
2025-10-26 14:59:12,069 -   Perfect retrievals (rank 1): 628/1000 (62.8%)
2025-10-26 14:59:12,069 -   Relevant in top-10: 861/1000 (86.1%)
2025-10-26 14:59:12,069 - ============================================================
2025-10-26 15:03:25,853 - ============================================================
2025-10-26 15:03:25,854 - NDCG@10 VisualNews_i2t flip Results:
2025-10-26 15:03:25,854 -   Mean NDCG: 0.7423
2025-10-26 15:03:25,854 -   Median NDCG: 1.0000
2025-10-26 15:03:25,854 -   Std Dev: 0.3678
2025-10-26 15:03:25,855 -   Perfect retrievals (rank 1): 623/1000 (62.3%)
2025-10-26 15:03:25,855 -   Relevant in top-10: 862/1000 (86.2%)
2025-10-26 15:03:25,855 - ============================================================
2025-10-26 15:07:26,109 - ============================================================
2025-10-26 15:07:26,109 - NDCG@10 VisualNews_i2t gauss1 Results:
2025-10-26 15:07:26,109 -   Mean NDCG: 0.7280
2025-10-26 15:07:26,109 -   Median NDCG: 1.0000
2025-10-26 15:07:26,109 -   Std Dev: 0.3780
2025-10-26 15:07:26,109 -   Perfect retrievals (rank 1): 611/1000 (61.1%)
2025-10-26 15:07:26,109 -   Relevant in top-10: 846/1000 (84.6%)
2025-10-26 15:07:26,109 - ============================================================
