2025-10-28 10:41:49,359 - Logging to: /hpc/group/csdept/aho13/labIR/logs/VisualNews_t2i2.log
2025-10-28 10:43:01,072 - ============================================================
2025-10-28 10:43:01,072 - NDCG@10 VisualNews_t2i gauss1 Results:
2025-10-28 10:43:01,072 -   Mean NDCG: 0.7635
2025-10-28 10:43:01,073 -   Median NDCG: 1.0000
2025-10-28 10:43:01,073 -   Std Dev: 0.3622
2025-10-28 10:43:01,073 -   Perfect retrievals (rank 1): 657/1000 (65.7%)
2025-10-28 10:43:01,073 -   Relevant in top-10: 868/1000 (86.8%)
2025-10-28 10:43:01,073 - ============================================================
2025-10-28 10:43:54,015 - ============================================================
2025-10-28 10:43:54,015 - NDCG@10 VisualNews_t2i compress Results:
2025-10-28 10:43:54,015 -   Mean NDCG: 0.7670
2025-10-28 10:43:54,016 -   Median NDCG: 1.0000
2025-10-28 10:43:54,016 -   Std Dev: 0.3613
2025-10-28 10:43:54,016 -   Perfect retrievals (rank 1): 661/1000 (66.1%)
2025-10-28 10:43:54,016 -   Relevant in top-10: 866/1000 (86.6%)
2025-10-28 10:43:54,016 - ============================================================
2025-10-28 10:44:41,883 - ============================================================
2025-10-28 10:44:41,884 - NDCG@10 VisualNews_t2i flip Results:
2025-10-28 10:44:41,884 -   Mean NDCG: 0.7428
2025-10-28 10:44:41,885 -   Median NDCG: 1.0000
2025-10-28 10:44:41,885 -   Std Dev: 0.3735
2025-10-28 10:44:41,885 -   Perfect retrievals (rank 1): 630/1000 (63.0%)
2025-10-28 10:44:41,886 -   Relevant in top-10: 849/1000 (84.9%)
2025-10-28 10:44:41,886 - ============================================================
