2025-10-28 15:29:51,871 - Logging to: /hpc/group/csdept/aho13/labIR/logs/Wiki-SS-NQ2.log
2025-10-28 15:34:11,142 - ============================================================
2025-10-28 15:34:11,142 - NDCG@10 Wiki-SS-NQ flip Results:
2025-10-28 15:34:11,142 -   Mean NDCG: 0.1713
2025-10-28 15:34:11,144 -   Median NDCG: 0.0000
2025-10-28 15:34:11,144 -   Std Dev: 0.3160
2025-10-28 15:34:11,144 -   Perfect retrievals (rank 1): 92/1000 (9.2%)
2025-10-28 15:34:11,144 -   Relevant in top-10: 274/1000 (27.4%)
2025-10-28 15:34:11,144 - ============================================================
2025-10-28 15:42:58,363 - ============================================================
2025-10-28 15:42:58,363 - NDCG@10 Wiki-SS-NQ gauss1 Results:
2025-10-28 15:42:58,363 -   Mean NDCG: 0.2654
2025-10-28 15:42:58,364 -   Median NDCG: 0.0000
2025-10-28 15:42:58,364 -   Std Dev: 0.3799
2025-10-28 15:42:58,364 -   Perfect retrievals (rank 1): 164/1000 (16.4%)
2025-10-28 15:42:58,364 -   Relevant in top-10: 383/1000 (38.3%)
2025-10-28 15:42:58,364 - ============================================================
2025-10-28 15:47:50,815 - ============================================================
2025-10-28 15:47:50,815 - NDCG@10 Wiki-SS-NQ bright Results:
2025-10-28 15:47:50,815 -   Mean NDCG: 0.3016
2025-10-28 15:47:50,816 -   Median NDCG: 0.0000
2025-10-28 15:47:50,816 -   Std Dev: 0.4019
2025-10-28 15:47:50,816 -   Perfect retrievals (rank 1): 204/1000 (20.4%)
2025-10-28 15:47:50,816 -   Relevant in top-10: 415/1000 (41.5%)
2025-10-28 15:47:50,816 - ============================================================
2025-10-28 15:51:46,199 - ============================================================
2025-10-28 15:51:46,199 - NDCG@10 Wiki-SS-NQ grayscale Results:
2025-10-28 15:51:46,199 -   Mean NDCG: 0.1848
2025-10-28 15:51:46,200 -   Median NDCG: 0.0000
2025-10-28 15:51:46,200 -   Std Dev: 0.3378
2025-10-28 15:51:46,200 -   Perfect retrievals (rank 1): 112/1000 (11.2%)
2025-10-28 15:51:46,200 -   Relevant in top-10: 269/1000 (26.9%)
2025-10-28 15:51:46,200 - ============================================================
