2025-10-28 10:20:27,205 - Logging to: /hpc/group/csdept/aho13/labIR/logs/Wiki-SS-NQ.log
2025-10-28 10:24:38,920 - ============================================================
2025-10-28 10:24:38,920 - NDCG@10 Wiki-SS-NQ ctrl Results:
2025-10-28 10:24:38,920 -   Mean NDCG: 0.2711
2025-10-28 10:24:38,920 -   Median NDCG: 0.0000
2025-10-28 10:24:38,921 -   Std Dev: 0.3855
2025-10-28 10:24:38,921 -   Perfect retrievals (rank 1): 174/1000 (17.4%)
2025-10-28 10:24:38,921 -   Relevant in top-10: 386/1000 (38.6%)
2025-10-28 10:24:38,921 - ============================================================
2025-10-28 10:34:08,323 - ============================================================
2025-10-28 10:34:08,323 - NDCG@10 Wiki-SS-NQ gauss2 Results:
2025-10-28 10:34:08,323 -   Mean NDCG: 0.2480
2025-10-28 10:34:08,323 -   Median NDCG: 0.0000
2025-10-28 10:34:08,323 -   Std Dev: 0.3680
2025-10-28 10:34:08,323 -   Perfect retrievals (rank 1): 148/1000 (14.8%)
2025-10-28 10:34:08,323 -   Relevant in top-10: 369/1000 (36.9%)
2025-10-28 10:34:08,323 - ============================================================
2025-10-28 10:39:46,438 - ============================================================
2025-10-28 10:39:46,438 - NDCG@10 Wiki-SS-NQ compress Results:
2025-10-28 10:39:46,438 -   Mean NDCG: 0.2717
2025-10-28 10:39:46,439 -   Median NDCG: 0.0000
2025-10-28 10:39:46,439 -   Std Dev: 0.3856
2025-10-28 10:39:46,439 -   Perfect retrievals (rank 1): 175/1000 (17.5%)
2025-10-28 10:39:46,439 -   Relevant in top-10: 387/1000 (38.7%)
2025-10-28 10:39:46,439 - ============================================================
