2025-11-11 01:57:26,583 - Logging to: logs/jina_clip_v2/MSCOCO_t2i_20251111_015726.log
2025-11-11 01:57:26,585 - 
Evaluating perturbation: clear
2025-11-11 01:59:30,695 - ============================================================
2025-11-11 01:59:30,696 - NDCG@10 - MSCOCO_t2i - clear
2025-11-11 01:59:30,696 -   Mean NDCG: 0.6866
2025-11-11 01:59:30,696 -   Median NDCG: 0.6309
2025-11-11 01:59:30,696 -   Std Dev: 0.3461
2025-11-11 01:59:30,696 -   Perfect retrievals: 493/1000 (49.3%)
2025-11-11 01:59:30,696 -   Relevant in top-10: 898/1000 (89.8%)
2025-11-11 01:59:30,696 - ============================================================
2025-11-11 01:59:30,696 - 
Evaluating perturbation: grayscale
2025-11-11 02:01:32,047 - ============================================================
2025-11-11 02:01:32,047 - NDCG@10 - MSCOCO_t2i - grayscale
2025-11-11 02:01:32,047 -   Mean NDCG: 0.6745
2025-11-11 02:01:32,047 -   Median NDCG: 0.6309
2025-11-11 02:01:32,047 -   Std Dev: 0.3583
2025-11-11 02:01:32,047 -   Perfect retrievals: 478/1000 (47.8%)
2025-11-11 02:01:32,047 -   Relevant in top-10: 866/1000 (86.6%)
2025-11-11 02:01:32,047 - ============================================================
2025-11-11 02:01:32,047 - 
Evaluating perturbation: gauss2
2025-11-11 02:03:36,634 - ============================================================
2025-11-11 02:03:36,634 - NDCG@10 - MSCOCO_t2i - gauss2
2025-11-11 02:03:36,635 -   Mean NDCG: 0.7658
2025-11-11 02:03:36,635 -   Median NDCG: 1.0000
2025-11-11 02:03:36,635 -   Std Dev: 0.3195
2025-11-11 02:03:36,635 -   Perfect retrievals: 603/1000 (60.3%)
2025-11-11 02:03:36,635 -   Relevant in top-10: 930/1000 (93.0%)
2025-11-11 02:03:36,635 - ============================================================
2025-11-11 02:03:36,635 - 
Evaluating perturbation: bright
2025-11-11 02:05:38,975 - ============================================================
2025-11-11 02:05:38,975 - NDCG@10 - MSCOCO_t2i - bright
2025-11-11 02:05:38,975 -   Mean NDCG: 0.7846
2025-11-11 02:05:38,975 -   Median NDCG: 1.0000
2025-11-11 02:05:38,975 -   Std Dev: 0.3095
2025-11-11 02:05:38,975 -   Perfect retrievals: 629/1000 (62.9%)
2025-11-11 02:05:38,975 -   Relevant in top-10: 941/1000 (94.1%)
2025-11-11 02:05:38,975 - ============================================================
