2025-11-11 02:05:39,856 - Logging to: logs/jina_clip_v2/VisDial_20251111_020539.log
2025-11-11 02:05:39,857 - 
Evaluating perturbation: clear
2025-11-11 02:09:07,196 - ============================================================
2025-11-11 02:09:07,196 - NDCG@10 - VisDial - clear
2025-11-11 02:09:07,196 -   Mean NDCG: 0.3738
2025-11-11 02:09:07,196 -   Median NDCG: 0.3155
2025-11-11 02:09:07,196 -   Std Dev: 0.3896
2025-11-11 02:09:07,196 -   Perfect retrievals: 216/1000 (21.6%)
2025-11-11 02:09:07,197 -   Relevant in top-10: 571/1000 (57.1%)
2025-11-11 02:09:07,197 - ============================================================
2025-11-11 02:09:07,197 - 
Evaluating perturbation: grayscale
2025-11-11 02:12:30,733 - ============================================================
2025-11-11 02:12:30,733 - NDCG@10 - VisDial - grayscale
2025-11-11 02:12:30,733 -   Mean NDCG: 0.3709
2025-11-11 02:12:30,733 -   Median NDCG: 0.3155
2025-11-11 02:12:30,733 -   Std Dev: 0.3940
2025-11-11 02:12:30,733 -   Perfect retrievals: 220/1000 (22.0%)
2025-11-11 02:12:30,733 -   Relevant in top-10: 557/1000 (55.7%)
2025-11-11 02:12:30,733 - ============================================================
2025-11-11 02:12:30,733 - 
Evaluating perturbation: gauss2
2025-11-11 02:16:13,642 - ============================================================
2025-11-11 02:16:13,642 - NDCG@10 - VisDial - gauss2
2025-11-11 02:16:13,642 -   Mean NDCG: 0.5388
2025-11-11 02:16:13,642 -   Median NDCG: 0.5000
2025-11-11 02:16:13,642 -   Std Dev: 0.3737
2025-11-11 02:16:13,642 -   Perfect retrievals: 324/1000 (32.4%)
2025-11-11 02:16:13,642 -   Relevant in top-10: 790/1000 (79.0%)
2025-11-11 02:16:13,642 - ============================================================
2025-11-11 02:16:13,642 - 
Evaluating perturbation: bright
2025-11-11 02:19:38,995 - ============================================================
2025-11-11 02:19:38,995 - NDCG@10 - VisDial - bright
2025-11-11 02:19:38,995 -   Mean NDCG: 0.4763
2025-11-11 02:19:38,995 -   Median NDCG: 0.4307
2025-11-11 02:19:38,995 -   Std Dev: 0.3829
2025-11-11 02:19:38,995 -   Perfect retrievals: 273/1000 (27.3%)
2025-11-11 02:19:38,995 -   Relevant in top-10: 715/1000 (71.5%)
2025-11-11 02:19:38,995 - ============================================================
