2025-11-10 23:41:18,590 - Logging to: logs/jina_clip_v2/VisualNews_t2i_20251110_234118.log
2025-11-10 23:41:18,590 - 
Evaluating perturbation: clear
2025-11-10 23:48:38,683 - ============================================================
2025-11-10 23:48:38,684 - NDCG@10 - VisualNews_t2i - clear
2025-11-10 23:48:38,684 -   Mean NDCG: 0.6222
2025-11-10 23:48:38,684 -   Median NDCG: 0.6309
2025-11-10 23:48:38,684 -   Std Dev: 0.4098
2025-11-10 23:48:38,684 -   Perfect retrievals: 482/1000 (48.2%)
2025-11-10 23:48:38,684 -   Relevant in top-10: 768/1000 (76.8%)
2025-11-10 23:48:38,684 - ============================================================
2025-11-10 23:48:38,684 - 
Evaluating perturbation: grayscale
2025-11-10 23:55:42,291 - ============================================================
2025-11-10 23:55:42,291 - NDCG@10 - VisualNews_t2i - grayscale
2025-11-10 23:55:42,291 -   Mean NDCG: 0.6381
2025-11-10 23:55:42,291 -   Median NDCG: 1.0000
2025-11-10 23:55:42,291 -   Std Dev: 0.4092
2025-11-10 23:55:42,292 -   Perfect retrievals: 507/1000 (50.7%)
2025-11-10 23:55:42,292 -   Relevant in top-10: 778/1000 (77.8%)
2025-11-10 23:55:42,292 - ============================================================
2025-11-10 23:55:42,292 - 
Evaluating perturbation: gauss2
2025-11-11 00:02:53,749 - ============================================================
2025-11-11 00:02:53,749 - NDCG@10 - VisualNews_t2i - gauss2
2025-11-11 00:02:53,749 -   Mean NDCG: 0.6466
2025-11-11 00:02:53,749 -   Median NDCG: 1.0000
2025-11-11 00:02:53,749 -   Std Dev: 0.4052
2025-11-11 00:02:53,749 -   Perfect retrievals: 510/1000 (51.0%)
2025-11-11 00:02:53,750 -   Relevant in top-10: 785/1000 (78.5%)
2025-11-11 00:02:53,750 - ============================================================
2025-11-11 00:02:53,750 - 
Evaluating perturbation: bright
2025-11-11 00:09:57,935 - ============================================================
2025-11-11 00:09:57,936 - NDCG@10 - VisualNews_t2i - bright
2025-11-11 00:09:57,936 -   Mean NDCG: 0.6889
2025-11-11 00:09:57,936 -   Median NDCG: 1.0000
2025-11-11 00:09:57,936 -   Std Dev: 0.3976
2025-11-11 00:09:57,936 -   Perfect retrievals: 571/1000 (57.1%)
2025-11-11 00:09:57,936 -   Relevant in top-10: 810/1000 (81.0%)
2025-11-11 00:09:57,936 - ============================================================
