2025-11-11 00:09:59,161 - Logging to: logs/jina_clip_v2/VisualNews_i2t_20251111_000959.log
2025-11-11 00:09:59,163 - 
Evaluating perturbation: clear
2025-11-11 00:37:24,390 - ============================================================
2025-11-11 00:37:24,390 - NDCG@10 - VisualNews_i2t - clear
2025-11-11 00:37:24,391 -   Mean NDCG: 0.6369
2025-11-11 00:37:24,391 -   Median NDCG: 0.6309
2025-11-11 00:37:24,391 -   Std Dev: 0.3994
2025-11-11 00:37:24,391 -   Perfect retrievals: 488/1000 (48.8%)
2025-11-11 00:37:24,391 -   Relevant in top-10: 794/1000 (79.4%)
2025-11-11 00:37:24,391 - ============================================================
2025-11-11 00:37:24,391 - 
Evaluating perturbation: grayscale
2025-11-11 01:04:05,065 - ============================================================
2025-11-11 01:04:05,065 - NDCG@10 - VisualNews_i2t - grayscale
2025-11-11 01:04:05,065 -   Mean NDCG: 0.6343
2025-11-11 01:04:05,065 -   Median NDCG: 0.8155
2025-11-11 01:04:05,065 -   Std Dev: 0.4069
2025-11-11 01:04:05,065 -   Perfect retrievals: 500/1000 (50.0%)
2025-11-11 01:04:05,065 -   Relevant in top-10: 784/1000 (78.4%)
2025-11-11 01:04:05,065 - ============================================================
2025-11-11 01:04:05,065 - 
Evaluating perturbation: gauss2
2025-11-11 01:30:55,579 - ============================================================
2025-11-11 01:30:55,580 - NDCG@10 - VisualNews_i2t - gauss2
2025-11-11 01:30:55,580 -   Mean NDCG: 0.6677
2025-11-11 01:30:55,580 -   Median NDCG: 1.0000
2025-11-11 01:30:55,580 -   Std Dev: 0.3935
2025-11-11 01:30:55,580 -   Perfect retrievals: 527/1000 (52.7%)
2025-11-11 01:30:55,580 -   Relevant in top-10: 813/1000 (81.3%)
2025-11-11 01:30:55,580 - ============================================================
2025-11-11 01:30:55,580 - 
Evaluating perturbation: bright
2025-11-11 01:57:25,536 - ============================================================
2025-11-11 01:57:25,536 - NDCG@10 - VisualNews_i2t - bright
2025-11-11 01:57:25,536 -   Mean NDCG: 0.7247
2025-11-11 01:57:25,536 -   Median NDCG: 1.0000
2025-11-11 01:57:25,536 -   Std Dev: 0.3776
2025-11-11 01:57:25,536 -   Perfect retrievals: 604/1000 (60.4%)
2025-11-11 01:57:25,536 -   Relevant in top-10: 846/1000 (84.6%)
2025-11-11 01:57:25,536 - ============================================================
