2025-11-11 02:19:40,057 - Logging to: logs/jina_clip_v2/Wiki-SS-NQ_20251111_021940.log
2025-11-11 02:19:40,058 - 
Evaluating perturbation: clear
2025-11-11 02:35:23,734 - ============================================================
2025-11-11 02:35:23,734 - NDCG@10 - Wiki-SS-NQ - clear
2025-11-11 02:35:23,734 -   Mean NDCG: 0.6474
2025-11-11 02:35:23,734 -   Median NDCG: 1.0000
2025-11-11 02:35:23,734 -   Std Dev: 0.4067
2025-11-11 02:35:23,734 -   Perfect retrievals: 520/1000 (52.0%)
2025-11-11 02:35:23,734 -   Relevant in top-10: 788/1000 (78.8%)
2025-11-11 02:35:23,734 - ============================================================
2025-11-11 02:35:23,734 - 
Evaluating perturbation: grayscale
2025-11-11 02:50:43,994 - ============================================================
2025-11-11 02:50:43,994 - NDCG@10 - Wiki-SS-NQ - grayscale
2025-11-11 02:50:43,994 -   Mean NDCG: 0.6200
2025-11-11 02:50:43,994 -   Median NDCG: 0.6309
2025-11-11 02:50:43,994 -   Std Dev: 0.4186
2025-11-11 02:50:43,995 -   Perfect retrievals: 495/1000 (49.5%)
2025-11-11 02:50:43,995 -   Relevant in top-10: 752/1000 (75.2%)
2025-11-11 02:50:43,995 - ============================================================
2025-11-11 02:50:43,995 - 
Evaluating perturbation: gauss2
2025-11-11 03:10:09,579 - ============================================================
2025-11-11 03:10:09,579 - NDCG@10 - Wiki-SS-NQ - gauss2
2025-11-11 03:10:09,579 -   Mean NDCG: 0.5834
2025-11-11 03:10:09,580 -   Median NDCG: 0.6309
2025-11-11 03:10:09,580 -   Std Dev: 0.4303
2025-11-11 03:10:09,580 -   Perfect retrievals: 463/1000 (46.3%)
2025-11-11 03:10:09,580 -   Relevant in top-10: 710/1000 (71.0%)
2025-11-11 03:10:09,580 - ============================================================
2025-11-11 03:10:09,580 - 
Evaluating perturbation: bright
2025-11-11 03:26:18,851 - ============================================================
2025-11-11 03:26:18,852 - NDCG@10 - Wiki-SS-NQ - bright
2025-11-11 03:26:18,852 -   Mean NDCG: 0.6201
2025-11-11 03:26:18,852 -   Median NDCG: 0.6309
2025-11-11 03:26:18,852 -   Std Dev: 0.4163
2025-11-11 03:26:18,852 -   Perfect retrievals: 490/1000 (49.0%)
2025-11-11 03:26:18,852 -   Relevant in top-10: 755/1000 (75.5%)
2025-11-11 03:26:18,852 - ============================================================
